1. Cmdline: spl-token transfer MNDEFzGvMt87ueuHvVU9VcTqsAP5b3fTGPsHuuPA5ey 1736.208983496 ARPqNbZsSEhzYUoHnbsYFFsXH2uLiP8hpZBPimfsrr27 --fund-recipient
HTTP status client error (429 Too Many Requests) for url (https://port-finance.rpcpool.com/)

Transfer 1736.208983496 tokens
  Sender: 4P7h1CFb1DRpu3uiGRnSB6URC6nuXiEyEQd9bdpsg8JQ
  Recipient: ARPqNbZsSEhzYUoHnbsYFFsXH2uLiP8hpZBPimfsrr27
  Recipient associated token account: Fk4r5uSqP61CuzwNK1q6p5wWe8HwNY9ZAJhirAKDSQW7

Signature: 2NdZNzZ8HFQ4zDSyibFPqpd2umLUS2dhLUkp6qpPCzffcyZ3GG3YZ8rvLaGySapmDqPgSFXzJY8h3WnHFnF1XhpD


------------------------------
2. Cmdline: spl-token transfer MNDEFzGvMt87ueuHvVU9VcTqsAP5b3fTGPsHuuPA5ey 0.070133431 7ZsB85RRYN7zAE4FUrdbN2kVUyFJryj4PfX4YbPKb6C2 --fund-recipient
Transfer 0.070133431 tokens
  Sender: 4P7h1CFb1DRpu3uiGRnSB6URC6nuXiEyEQd9bdpsg8JQ
  Recipient: 7ZsB85RRYN7zAE4FUrdbN2kVUyFJryj4PfX4YbPKb6C2
  Recipient associated token account: 5x5uUSR3pqW7KnasRdiX1KvU2y1LY4v4kG5ttbJkGSdY

Signature: 22xoJtL2cqtf8bBkyuXi2fAAoD5cetDkUSf66XGkbMFo1MzDMMpGePyP84WKRokDpS2ZL9HDteD4kh3fLBHSs6JK


------------------------------
3. Cmdline: spl-token transfer MNDEFzGvMt87ueuHvVU9VcTqsAP5b3fTGPsHuuPA5ey 0.010893457 2G3px1cxpjvThsC68hHX6osRD494GMFDNSrRyMKGB12w --fund-recipient
HTTP status client error (429 Too Many Requests) for url (https://port-finance.rpcpool.com/)

Transfer 0.010893457 tokens
  Sender: 4P7h1CFb1DRpu3uiGRnSB6URC6nuXiEyEQd9bdpsg8JQ
  Recipient: 2G3px1cxpjvThsC68hHX6osRD494GMFDNSrRyMKGB12w
  Recipient associated token account: 7zxfrtvzmzsZ6ofYYcBNnjcxGJnBVg776G37m6mF8zwB

Signature: 5voiL5SjPLsHNhH3dySPXiSqrdCU164AM5vdNR1HaKhvR1EKsZdcyDaSLqPkdDKFeoBy8yYcEPpA4a7gDWDzYGN7


------------------------------
4. Cmdline: spl-token transfer MNDEFzGvMt87ueuHvVU9VcTqsAP5b3fTGPsHuuPA5ey 0.275427184 E5A7uzhMyGzL6hHUXaC2QVxoNmh8pRm6HhK16TRTvdGx --fund-recipient
Transfer 0.275427184 tokens
  Sender: 4P7h1CFb1DRpu3uiGRnSB6URC6nuXiEyEQd9bdpsg8JQ
  Recipient: E5A7uzhMyGzL6hHUXaC2QVxoNmh8pRm6HhK16TRTvdGx
  Recipient associated token account: HvNxRAxEsrjotvTJaSVjRTJSJEQqvfaESo3sEXsJXHN3

Signature: 23Vgiam2CdR84s8nZQhfD2bFcXYVZaHWJpEAM5N5i9e8fWGJxAthyRYiCDPJuJHhETUTuGDAu8gMQcCxkLeinWun


------------------------------
5. Cmdline: spl-token transfer MNDEFzGvMt87ueuHvVU9VcTqsAP5b3fTGPsHuuPA5ey 0.160007094 DvitucAxxBKZFSMBUzKvxvuAu5Hhn5zZV3Wuk8Vg4YnX --fund-recipient
Transfer 0.160007094 tokens
  Sender: 4P7h1CFb1DRpu3uiGRnSB6URC6nuXiEyEQd9bdpsg8JQ
  Recipient: DvitucAxxBKZFSMBUzKvxvuAu5Hhn5zZV3Wuk8Vg4YnX
  Recipient associated token account: 596wxKD9M5M1YPBrvzS9P96kSusfAdCC5YBwHtUVGdC4

Signature: seKSu2V4C6J5wEpacbAhQc3SJpk1nSfvJi7cNpf2tutC2yGpueFjnkGFhsYHmWmB4sdda8iN6P4pVyEHpu2n2ei


------------------------------
6. Cmdline: spl-token transfer MNDEFzGvMt87ueuHvVU9VcTqsAP5b3fTGPsHuuPA5ey 0.749576716 ApJ48xWtb3qmppDMGwvRxdnf4utH2rYoW6pFyd8Ynzud --fund-recipient
Transfer 0.749576716 tokens
  Sender: 4P7h1CFb1DRpu3uiGRnSB6URC6nuXiEyEQd9bdpsg8JQ
  Recipient: ApJ48xWtb3qmppDMGwvRxdnf4utH2rYoW6pFyd8Ynzud
  Recipient associated token account: 9X3PnCmdLanxCmdHriB7RLTyxD1C3gvMCyNTejEKQHph

Signature: 5yArymKaMnS58E9HsMGibnrTc3rs2qAP8iBhTWrM6FSRF6CjUGMzFj1ypuLTtp5xdyYky5CGBhY2xWo16VnxhVNB


------------------------------
7. Cmdline: spl-token transfer MNDEFzGvMt87ueuHvVU9VcTqsAP5b3fTGPsHuuPA5ey 0.276611248 6jDcLen2PyefLkgBBGwHqyDmxbs5DScb9uzsQA4Upu1x --fund-recipient
Transfer 0.276611248 tokens
  Sender: 4P7h1CFb1DRpu3uiGRnSB6URC6nuXiEyEQd9bdpsg8JQ
  Recipient: 6jDcLen2PyefLkgBBGwHqyDmxbs5DScb9uzsQA4Upu1x
  Recipient associated token account: Gz7hVYp1jdsrtyDsKSnJKa3RpCWGsg5ceJUSfffDmxy5

Signature: 2KVUJkEfeKz8j1qcUVC8FUwmxFV9r2DVb9ANWdSkQRME1PfwdaXJ98EtnRnXwBDw5erebgRkzXsEXznBXLMC3iPD


------------------------------
8. Cmdline: spl-token transfer MNDEFzGvMt87ueuHvVU9VcTqsAP5b3fTGPsHuuPA5ey 0.230509443 EPwSitK3GJ3MKzR5kUMG5MZZHSQmbgKE982BeiJC1DKH --fund-recipient
Transfer 0.230509443 tokens
  Sender: 4P7h1CFb1DRpu3uiGRnSB6URC6nuXiEyEQd9bdpsg8JQ
  Recipient: EPwSitK3GJ3MKzR5kUMG5MZZHSQmbgKE982BeiJC1DKH
  Recipient associated token account: GcNiYw6y2K3QTzSwPfXHpaMp2evjtgQ83pJCB9bghPu3

Signature: 4wgRFW9qrpK8PDMohd4vRSanboqp3PFoXDHtDQmcj4qFGoQqdfV72J3oRuggrpDNKJUfC2fzWdo4XMPRzmhJ8Syj


------------------------------
9. Cmdline: spl-token transfer MNDEFzGvMt87ueuHvVU9VcTqsAP5b3fTGPsHuuPA5ey 0.139892993 72mWeedjFZKeBdkHAq1AkAAHDeRA1h9hhWqbiWsPESDM --fund-recipient
Transfer 0.139892993 tokens
  Sender: 4P7h1CFb1DRpu3uiGRnSB6URC6nuXiEyEQd9bdpsg8JQ
  Recipient: 72mWeedjFZKeBdkHAq1AkAAHDeRA1h9hhWqbiWsPESDM
  Recipient associated token account: EJo4Vee68AQfHEbdg7PP6WZrDruoDD1syjmtMxgBqsNx

Signature: 3BcviyNKRmASV9a1k9TcGEcYXZRDYTAHNBfvSUgAURgy56e2FREASAMneNs56Rjz4QmZrr7Le7cH8LCFXgoFkawL


------------------------------
10. Cmdline: spl-token transfer MNDEFzGvMt87ueuHvVU9VcTqsAP5b3fTGPsHuuPA5ey 10.540447996 E57W5yRETjBERoLgFmoK65jnQT4YX6Dz8oCQFoEFNVrD --fund-recipient
Transfer 10.540447996 tokens
  Sender: 4P7h1CFb1DRpu3uiGRnSB6URC6nuXiEyEQd9bdpsg8JQ
  Recipient: E57W5yRETjBERoLgFmoK65jnQT4YX6Dz8oCQFoEFNVrD
  Recipient associated token account: Cs5B7kT284J1DLs2bW9Q7g9H5vGeGWzAZTakxLJFhdFo

Signature: 3stAwCBE9V7qGjsdn4X8Zj8Shx2GLaZ2RuWFLoT4m9bib7CybABAnqShXQ4t2SfLBG2FH4ydWh56z26PoELpPnYr


------------------------------
11. Cmdline: spl-token transfer MNDEFzGvMt87ueuHvVU9VcTqsAP5b3fTGPsHuuPA5ey 1.107000567 9j44gJKCw1NVVthxkbs7LPfsnxzeQneTzB1qEiMu8QWB --fund-recipient
HTTP status client error (429 Too Many Requests) for url (https://port-finance.rpcpool.com/)

Transfer 1.107000567 tokens
  Sender: 4P7h1CFb1DRpu3uiGRnSB6URC6nuXiEyEQd9bdpsg8JQ
  Recipient: 9j44gJKCw1NVVthxkbs7LPfsnxzeQneTzB1qEiMu8QWB
  Recipient associated token account: 5BAabSXaT6nH2c6AeBzyESAnTxEvjEwrYnAHozqLMupY

Signature: KcBu1hfnAgmQxBcGHiz7dGBpz4MAkpR4s9tmWhYTYwGUjWJwGyKgYSroY3E7tEgFc5QjnRJWRrzsSiPB5c35N2u


------------------------------
12. Cmdline: spl-token transfer MNDEFzGvMt87ueuHvVU9VcTqsAP5b3fTGPsHuuPA5ey 0.503431165 7nvnBxw4w94zcUWRwk1sZsCzWZ7L7QKrB95BNX8uw8Tx --fund-recipient
Transfer 0.503431164 tokens
  Sender: 4P7h1CFb1DRpu3uiGRnSB6URC6nuXiEyEQd9bdpsg8JQ
  Recipient: 7nvnBxw4w94zcUWRwk1sZsCzWZ7L7QKrB95BNX8uw8Tx
  Recipient associated token account: 56GTs5izETdc5zj6FgPqJHAFVcFBrzdfz9frdwNa9psd

Signature: 5C48iWzNF2sbfFCtGkFyz48FA7bGByme4WxGc4JGsFKUxepqjha7MLEkm76srD8fnnemXE9xvPfVC9UMgw8Hfxut


------------------------------
13. Cmdline: spl-token transfer MNDEFzGvMt87ueuHvVU9VcTqsAP5b3fTGPsHuuPA5ey 0.479457973 2y4s93Af49FgwEUuKcfZd6esKYeouJbE3FakmidahKAy --fund-recipient
HTTP status client error (429 Too Many Requests) for url (https://port-finance.rpcpool.com/)

Transfer 0.479457973 tokens
  Sender: 4P7h1CFb1DRpu3uiGRnSB6URC6nuXiEyEQd9bdpsg8JQ
  Recipient: 2y4s93Af49FgwEUuKcfZd6esKYeouJbE3FakmidahKAy
  Recipient associated token account: 5an5U3Ni7TFn7gzFxD8GQGifYZkuZ1YnL6KVapoybsVM

Signature: 2gwEhZrWqo88Ey1Q1vJTfurRnpHnpJYPrLDXpdTaorkiZH3tBbDbZkR6ETXSTReG9XKiZ1B9HrejnYGGLFszfbRA


------------------------------
14. Cmdline: spl-token transfer MNDEFzGvMt87ueuHvVU9VcTqsAP5b3fTGPsHuuPA5ey 10.022663679 DoJBWqGKCJBG2WzMooAZ45hBAH1TbyCANnaQi9UbS14d --fund-recipient
Transfer 10.022663679 tokens
  Sender: 4P7h1CFb1DRpu3uiGRnSB6URC6nuXiEyEQd9bdpsg8JQ
  Recipient: DoJBWqGKCJBG2WzMooAZ45hBAH1TbyCANnaQi9UbS14d
  Recipient associated token account: ijMt7zdC5AtKcunNKahn474ubFLBNtA4ycZrp666WNB

Signature: 5mRoGdKzhPxyxmpcxURBp8kYAhsoTriSV9bqKFaWD3GqnMhvkr6ikKUgTTUVK6a3LbgtD7PswuVhAULrpRws7m7g


------------------------------
15. Cmdline: spl-token transfer MNDEFzGvMt87ueuHvVU9VcTqsAP5b3fTGPsHuuPA5ey 0.020738806 HuGwb1FyQGQZyjCb44sXxzzrkE1ebwiih6WgysRj4sKp --fund-recipient
Transfer 0.020738806 tokens
  Sender: 4P7h1CFb1DRpu3uiGRnSB6URC6nuXiEyEQd9bdpsg8JQ
  Recipient: HuGwb1FyQGQZyjCb44sXxzzrkE1ebwiih6WgysRj4sKp
  Recipient associated token account: FPUbGjPQHnefYPzuTdub5L28ssqPZEVBpxGpLULhyscC

Signature: 3UWMQhuHyN9rabs2KQSWRCUmD1J59RjwC5GcS9iBusnUQU4bYrgmoqLx6XNrbhjCtqzjyyeXP6amPc5ioE79hPhb


------------------------------
16. Cmdline: spl-token transfer MNDEFzGvMt87ueuHvVU9VcTqsAP5b3fTGPsHuuPA5ey 333.535229987 GmRC6EhKtBEcKM1bjCBzamWDy3qmP5z2Kc9tYjQuc2Pn --fund-recipient
HTTP status client error (429 Too Many Requests) for url (https://port-finance.rpcpool.com/)

Transfer 333.535229987 tokens
  Sender: 4P7h1CFb1DRpu3uiGRnSB6URC6nuXiEyEQd9bdpsg8JQ
  Recipient: GmRC6EhKtBEcKM1bjCBzamWDy3qmP5z2Kc9tYjQuc2Pn
  Recipient associated token account: 8ryEHubHJNAyKVyD4gRzzz6vTp7gKB8QbDB2nHNjm1e6

Signature: 3m86LJpUJtRzVPqPq1YMJnd7GC1zLYRBkAXm86cysrn7c49zPzweqkgP7bZVUZoQPwRwK2QegoaoANMuuWHBtnkZ


------------------------------
17. Cmdline: spl-token transfer MNDEFzGvMt87ueuHvVU9VcTqsAP5b3fTGPsHuuPA5ey 0.839611930 48Z8Ps9RgZKPN7LMqkLHnwJyiaXjayi2ZGAvmM8FBjgr --fund-recipient
Transfer 0.83961193 tokens
  Sender: 4P7h1CFb1DRpu3uiGRnSB6URC6nuXiEyEQd9bdpsg8JQ
  Recipient: 48Z8Ps9RgZKPN7LMqkLHnwJyiaXjayi2ZGAvmM8FBjgr
  Recipient associated token account: 4TQ1DrKXX4C4oT2h5xLATjDBcT6sA85Si86hphUBGFaL

Signature: oucr1NsHjkc3Vpr5qptjCR1Vhr2QsHBnM9iP53NPKiNr9PCbf7dToRV2u8nTCsWNdmfyFmDYNkorwHeNDqouV3b


------------------------------
18. Cmdline: spl-token transfer MNDEFzGvMt87ueuHvVU9VcTqsAP5b3fTGPsHuuPA5ey 0.021769899 EaQhgTZeaFoZhHjKF2V3D15gm7H8kUPseXCzhinpTJZX --fund-recipient
Transfer 0.021769899 tokens
  Sender: 4P7h1CFb1DRpu3uiGRnSB6URC6nuXiEyEQd9bdpsg8JQ
  Recipient: EaQhgTZeaFoZhHjKF2V3D15gm7H8kUPseXCzhinpTJZX
  Recipient associated token account: 5trq5K16qxJ8Ekbs5LmFqM9SNDMXypc52358rj8Aia7t

Signature: 2RnBskUKp1zKFw8CHb7iaFbRCogMzajBmuoTFg38tYcr7uDKrfsAorq8ajGFe5n5hfA9tBEv2QLxMhXbvNdUtzEg


------------------------------
19. Cmdline: spl-token transfer MNDEFzGvMt87ueuHvVU9VcTqsAP5b3fTGPsHuuPA5ey 0.113091136 9vTVgL5yTaRSj1QThL3jViVdwZTiwvPzqsFs4eHdjZjf --fund-recipient
HTTP status client error (429 Too Many Requests) for url (https://port-finance.rpcpool.com/)

Transfer 0.113091136 tokens
  Sender: 4P7h1CFb1DRpu3uiGRnSB6URC6nuXiEyEQd9bdpsg8JQ
  Recipient: 9vTVgL5yTaRSj1QThL3jViVdwZTiwvPzqsFs4eHdjZjf
  Recipient associated token account: 7v58iBF9YrwyozJUChZMvzGBBoaTDAMptWE3eQ5CQs1i

Signature: 3THPNVVj7gG2XiN9nJwnvvVTwkpGyC7Ftw9uxV1hMVn9wkutLj5q2bPqkd42ieSYwTJHG3nzkFv2S8f4LTxVdWdD


------------------------------
20. Cmdline: spl-token transfer MNDEFzGvMt87ueuHvVU9VcTqsAP5b3fTGPsHuuPA5ey 0.082627354 F5ZexYETPyoHMgLYTRhWwxUz7XuuPDJxaYAsyLtkKaLm --fund-recipient
Transfer 0.082627354 tokens
  Sender: 4P7h1CFb1DRpu3uiGRnSB6URC6nuXiEyEQd9bdpsg8JQ
  Recipient: F5ZexYETPyoHMgLYTRhWwxUz7XuuPDJxaYAsyLtkKaLm
  Recipient associated token account: A2qQ7c8rB3J5akwKsjW7Utex8EP9pUMukBHYh7xq4DXS

Signature: 59zmkvt4S9MKtraB1P7SoRcS21JUYGevscdR4pNbrDQnsQ2R75TUzgWfoRUAVF8YQdHrg8quX4gQNqnh74M5Cpd6


------------------------------
21. Cmdline: spl-token transfer MNDEFzGvMt87ueuHvVU9VcTqsAP5b3fTGPsHuuPA5ey 0.032035826 C3uTCFAHdmj3ym18vHduh4bNZysJMJJrdH288Dt37acN --fund-recipient
HTTP status client error (429 Too Many Requests) for url (https://port-finance.rpcpool.com/)

Transfer 0.032035826 tokens
  Sender: 4P7h1CFb1DRpu3uiGRnSB6URC6nuXiEyEQd9bdpsg8JQ
  Recipient: C3uTCFAHdmj3ym18vHduh4bNZysJMJJrdH288Dt37acN
  Recipient associated token account: GJLYEe7HgjjytCnKJ9FU55S4ihyG8kMV1yPbqsCDreBd

Signature: 25XMnjDQeFfUoemgsNz5u4TpZH9g3cc4MfGbhPUWy4JjczcEpZGeB9L2YXFvJizt5EniEZZzNFx2FiyJSo2vWNH4


------------------------------
22. Cmdline: spl-token transfer MNDEFzGvMt87ueuHvVU9VcTqsAP5b3fTGPsHuuPA5ey 0.184946574 BMQBRWrzUq6LE5fqLDjT1LNwau8keAJdgoFSjGkNhF8u --fund-recipient
Transfer 0.184946574 tokens
  Sender: 4P7h1CFb1DRpu3uiGRnSB6URC6nuXiEyEQd9bdpsg8JQ
  Recipient: BMQBRWrzUq6LE5fqLDjT1LNwau8keAJdgoFSjGkNhF8u
  Recipient associated token account: CEBM3p2yCAHKTkJkaatEoXKEqvRtd3NzP5HTYTiZ9SEK

Signature: 44bgQPXrPVL8o7yF3bDoPwjBDgeNNDubew8wiZLSGbVy4rc8CSCPycVdsEDQipNhUV5myjauPmiMur2XKSsuPGWh


------------------------------
23. Cmdline: spl-token transfer MNDEFzGvMt87ueuHvVU9VcTqsAP5b3fTGPsHuuPA5ey 0.004743308 CSAePa5sHfKqdqxg5W5rR1JXR6qGY8Weur2Wy2364Ux --fund-recipient
HTTP status client error (429 Too Many Requests) for url (https://port-finance.rpcpool.com/)

Transfer 0.004743308 tokens
  Sender: 4P7h1CFb1DRpu3uiGRnSB6URC6nuXiEyEQd9bdpsg8JQ
  Recipient: CSAePa5sHfKqdqxg5W5rR1JXR6qGY8Weur2Wy2364Ux
  Recipient associated token account: 9G9iyAtMCLgPEeorY5g9Bno1dyzDVRHsLRgRk2FPhZBz

Signature: 4uoZQv6ZVyhzigYUG3TBhDqkLRjvp9c1hDhqJk9LwnDFPvh7ZDNNZ8pXsjGu3Vxo6wPdLDjgQ4bFRdz6NEYR9gWP


------------------------------
24. Cmdline: spl-token transfer MNDEFzGvMt87ueuHvVU9VcTqsAP5b3fTGPsHuuPA5ey 0.248212607 8vSG4Ytdj1WfJEtnu2mGUhd45ymzk6Km2VcqBU6vkNiN --fund-recipient
Transfer 0.248212607 tokens
  Sender: 4P7h1CFb1DRpu3uiGRnSB6URC6nuXiEyEQd9bdpsg8JQ
  Recipient: 8vSG4Ytdj1WfJEtnu2mGUhd45ymzk6Km2VcqBU6vkNiN
  Recipient associated token account: DzhxxiBNbDuxXEMjPemAyNHH4CV5EteuJt4QcufJWWsh

Signature: 5KbfJccGEHTUaaa9Pq7QFApn5XsfBhbNJTGCD79mJFNoKT7BfoVeiFwtkyW3z6uuq4LVfQGGeSdXM22iALqvJNg8


------------------------------
25. Cmdline: spl-token transfer MNDEFzGvMt87ueuHvVU9VcTqsAP5b3fTGPsHuuPA5ey 5.099723513 C47HMj1JtzVnR5PXM6QwJH5h39BoVcYdLF7bU93Up7pQ --fund-recipient
Transfer 5.099723513 tokens
  Sender: 4P7h1CFb1DRpu3uiGRnSB6URC6nuXiEyEQd9bdpsg8JQ
  Recipient: C47HMj1JtzVnR5PXM6QwJH5h39BoVcYdLF7bU93Up7pQ
  Recipient associated token account: D5UxxEA15Yxv2SGJHWaityL9JaGRSyJv2Lfw1HtwXTX6

Signature: 3b23hrFznxLE13MV7m9DKHzBPsMjCRBFEhFkLuZzyjEwQdpM1U8VULnWL3S8UyUCCqXTsi9AJEXVuunaW6s1WAQD


------------------------------
26. Cmdline: spl-token transfer MNDEFzGvMt87ueuHvVU9VcTqsAP5b3fTGPsHuuPA5ey 0.046237296 HCi5ECMmU9AYzYGT8Vc85x5jMopzRkPsTe1DKU49qjAr --fund-recipient
HTTP status client error (429 Too Many Requests) for url (https://port-finance.rpcpool.com/)

Transfer 0.046237296 tokens
  Sender: 4P7h1CFb1DRpu3uiGRnSB6URC6nuXiEyEQd9bdpsg8JQ
  Recipient: HCi5ECMmU9AYzYGT8Vc85x5jMopzRkPsTe1DKU49qjAr
  Recipient associated token account: Lfrwh1Umn7bAV8eac8ay6cyevhu6fLXEesMeZjcYZfe

Signature: KgcL7KEbW3JMH2YjYfpvW9rSPqQYqiARUoHqBpwJqvj4nCgXGxpdMq7XqCHdR9wvawdLRU2jFKv6ypY6ya5k7mb


------------------------------
27. Cmdline: spl-token transfer MNDEFzGvMt87ueuHvVU9VcTqsAP5b3fTGPsHuuPA5ey 0.323939466 CVCGiQsXMMydmBgUjMnYzu5EgvDhNgtZTNGLew6Snc22 --fund-recipient
Transfer 0.323939466 tokens
  Sender: 4P7h1CFb1DRpu3uiGRnSB6URC6nuXiEyEQd9bdpsg8JQ
  Recipient: CVCGiQsXMMydmBgUjMnYzu5EgvDhNgtZTNGLew6Snc22
  Recipient associated token account: 29pNYrcaeQo3AxYEp51Pw4iNkxDsx33bMhq4BgHtAPHi

Signature: 2TWooRgGiDS7yQxjEowcYGB42iWJ2gZgApB6UL1NX3DaCC98tRyAtpkjgrCvRiewzqctg8m75JKo7wcQNvKWHd8F


------------------------------
28. Cmdline: spl-token transfer MNDEFzGvMt87ueuHvVU9VcTqsAP5b3fTGPsHuuPA5ey 0.000267995 6fY8f3q655qzHK8oHxP2qkhFh4C1NMVz1CyXvCTAC22a --fund-recipient
Transfer 0.000267995 tokens
  Sender: 4P7h1CFb1DRpu3uiGRnSB6URC6nuXiEyEQd9bdpsg8JQ
  Recipient: 6fY8f3q655qzHK8oHxP2qkhFh4C1NMVz1CyXvCTAC22a
  Recipient associated token account: EwQo8QCbmMc7yLxqR9iTDbVCq4zabmjvgkAKRfNdFbMY

Signature: 3CUKbsneSQ9hnjrUyftt7gNfauLFyT6ixaUfuKHhMju7WkFjwwHtPVaabYjbYNBStswX4G5TXhzzXQyKzkno8ALW


------------------------------
29. Cmdline: spl-token transfer MNDEFzGvMt87ueuHvVU9VcTqsAP5b3fTGPsHuuPA5ey 0.116625454 AXbQitCaWKatQ7oRbXJbB3ZqpY2SZK4uQhRfGm3Ch7Mi --fund-recipient
HTTP status client error (429 Too Many Requests) for url (https://port-finance.rpcpool.com/)

Transfer 0.116625454 tokens
  Sender: 4P7h1CFb1DRpu3uiGRnSB6URC6nuXiEyEQd9bdpsg8JQ
  Recipient: AXbQitCaWKatQ7oRbXJbB3ZqpY2SZK4uQhRfGm3Ch7Mi
  Recipient associated token account: WyrFz8GsUNWiEvC3JcxMTqHEDWNxVQAXt7LF66mwRHS

Signature: 2FNmTNiCrcSHfH6Ysz79Es9jSXVNfUeJYdTTanps5JargfNsNfcycVdjtyftbaEQoosvhNfGTpm8HgCZvRL87H5X


------------------------------
30. Cmdline: spl-token transfer MNDEFzGvMt87ueuHvVU9VcTqsAP5b3fTGPsHuuPA5ey 40.290348973 6QyXjmR78n1WBqo5BDYv1mwqeUiWLpLyaYgvBYLA642i --fund-recipient
Transfer 40.290348973 tokens
  Sender: 4P7h1CFb1DRpu3uiGRnSB6URC6nuXiEyEQd9bdpsg8JQ
  Recipient: 6QyXjmR78n1WBqo5BDYv1mwqeUiWLpLyaYgvBYLA642i
  Recipient associated token account: 8rx9zUaG3VDWiub5cGDZbbGqqMEuoYmwV9RbzF5Hi5TV

Signature: 2mD3xi9JXPAibHsF5HQpevxFqBRFvsJviJxZrcU8VPyQUKBYMLv6KpTbsYaL9qpejihZP7R8pMfjUWmqb1UQ2PGJ


------------------------------
31. Cmdline: spl-token transfer MNDEFzGvMt87ueuHvVU9VcTqsAP5b3fTGPsHuuPA5ey 0.093940819 FYxgogX8q69AaWgXiwh9HY9CaLQRZMvdNNGHNzPBwxWz --fund-recipient
HTTP status client error (429 Too Many Requests) for url (https://port-finance.rpcpool.com/)

Transfer 0.093940819 tokens
  Sender: 4P7h1CFb1DRpu3uiGRnSB6URC6nuXiEyEQd9bdpsg8JQ
  Recipient: FYxgogX8q69AaWgXiwh9HY9CaLQRZMvdNNGHNzPBwxWz
  Recipient associated token account: 2Sp7JD7RdqbZTEYFHyBtdx61oTHZ6WoidPWtKL21N4ys

Signature: 2amPz9sDz2TkMkEr5oiyHmqkYvKhpU8tgCnPQCWJtDSniU8ZPRrB9vqDGYaihrWWuqydf6467SqUQZ9ad2pv3bTY


------------------------------
32. Cmdline: spl-token transfer MNDEFzGvMt87ueuHvVU9VcTqsAP5b3fTGPsHuuPA5ey 0.561481495 5rP73cXjGRT9wBtj1GE4QJnv9LaUZMTVKdzTZkTQ4YNn --fund-recipient
Transfer 0.561481495 tokens
  Sender: 4P7h1CFb1DRpu3uiGRnSB6URC6nuXiEyEQd9bdpsg8JQ
  Recipient: 5rP73cXjGRT9wBtj1GE4QJnv9LaUZMTVKdzTZkTQ4YNn
  Recipient associated token account: 5nokdvsiGRT4QDnXHcfKvKgREyUfaoFD6xcCymX4CBWf

Signature: 3AR4AidcoFQroonf8Ahqdj9QRNKqrxqjeF54KVZnnSJmXqxFrkjfkFNEP98HKi4eru9FfRzY3pk1cebo7GTVgpxS


------------------------------
