recipient,amount,error
8yNfNDCN5tGDnMWg9CNHfTNUR9dVsqJa7FeuyGR7WaL,0.076211,Error: The recipient address is not funded. Add `--allow-unfunded-recipient` to complete the transfer 
ktdUS6ap55nzSLpJ4KR1Tz3hBRzVuipaQTZTAyuPz3G,0.000093,Error: The recipient address is not funded. Add `--allow-unfunded-recipient` to complete the transfer 
5WR9NcSvaf1Vfytz5v6YxkehRoVYuaABMLwzqT34jdw5,0.000000,Error: The recipient address is not funded. Add `--allow-unfunded-recipient` to complete the transfer 
YrSeSNsZgu64hshrPwn7w61hnHXytKp167p92BxDCST,0.078163,Error: The recipient address is not funded. Add `--allow-unfunded-recipient` to complete the transfer 
GEFZbTcnMQzqcFaob7oFch3XRBKsqXzYbtJQL7eaN2M7,0.012341,error: parse error: expected RpcBlockhashFeeCalculator or RpcFees
AsTey9YCVNJRBzeS1s9G7LtBz2FzWPXaaVHz5MtbyoTo,0.378418,Error: The recipient address is not funded. Add `--allow-unfunded-recipient` to complete the transfer 
CyAH9f9awBcfuZqHzwwEs4uJBLEG33S743jxnQX1KcZ6,3387.984970,Error: Sender has insufficient funds  current balance is 1091.52373613
9K33ctJs72mwWjWPD8ZJ52gYhx27HVnwxKE54c2aCrmo,1781.190061,Error: Sender has insufficient funds  current balance is 1064.08046997
7P7czTQx3gmHkAKMa4HfZ5WYfwfNNuvWekzLFjmax915,798.376308,Error: Sender has insufficient funds  current balance is 241.546826725
7AsarGeuqWgZvJcs1xkwKQncF7zUkud4fPZPccYAj3iX,0.000082,Error: The recipient address is not funded. Add `--allow-unfunded-recipient` to complete the transfer 
C54QGFtssvHKG7TPpTiDzK8zMzj8KMSuUNzxPogajk7E,22.200559,Error: Sender has insufficient funds  current balance is 2.423185208
4BzjhVSEGaJyAaXBmmdgccSpDdUwAujC5g4AvYWzFywW,78.776480,Error: Sender has insufficient funds  current balance is 2.423185208
BF6wzXhQncSf9rRguq3ep8Mapsk3vAnkzggMZYqcZDzf,1.567409,Error: Sender has insufficient funds  current balance is 0.337990291
CmEfQFLqh5K15w6fNLpj5A5KcNsWWRC8DwzzZNxxfnZg,0.480152,Error: Sender has insufficient funds  current balance is 0.337990291
H4Y6dpiMZAvEeXe55EbYmn2tpHdJdyANXNNNDGpB77Ua,14.546980,Error: Sender has insufficient funds  current balance is 0.294578352
DGBXztcqdQwNBbKt3az5ahkx2e49ouwjn93aUTtJBmPU,3.194307,Error: Sender has insufficient funds  current balance is 0.17857709
2eJn3SKg4Jo8HBUEimVkuuUNSvyMaWEgrAfAN1Fs8mYx,0.920789,Error: Sender has insufficient funds  current balance is 0.170999713
F675rjBsUV4CUwcTonb7qnk7DYgGZKaKM1D9k4AP4rVx,0.222068,Error: Sender has insufficient funds  current balance is 0.170999713
7cyb6yJZGM17BqKo8LfGsNLxfxNddfafe8yvhv3BscDs,0.422440,Error: Sender has insufficient funds  current balance is 0.170999713
BFFpEVFEqvk8cYT2XvcH4Jvhkx1V2Zs6gEuhuTC246An,4.919871,Error: Sender has insufficient funds  current balance is 0.170999713
A3JBukdN8zos79QW5BUES66ZW2voLjcijv7QCxKNusor,0.207206,Error: Sender has insufficient funds  current balance is 0.170999713
4tzMpDrU6HBJzx2W2wZeywievttcyd6P6Q7ZDfFSaoUQ,6.146758,Error: Sender has insufficient funds  current balance is 0.127139854
G2UZqHn68QdagHHpqJmAgHo6TEgC45pLqisAEwSsnZUv,3.024324,Error: Sender has insufficient funds  current balance is 0.127139854
9NJbkvD58ckyWwtLXPib4CedwqZphDnVFdphiPshj2kX,0.052589,Error: Sender has insufficient funds  current balance is 0.052560906
BSKgpxjaJdPG9WGksE8qj7HrjMbhR66i1SDFuRsghHme,0.536650,Error: Sender has insufficient funds  current balance is 0.052560906
25zYiTnNDvX2oWK6hWW5QRuEF5DWWQdA4fY5DdgXYhzy,3.683936,Error: Sender has insufficient funds  current balance is 0.052560906
77C4CRKxaKSNUetscpzDZ9tvU7Fhgm1BkPts8edKLHas,0.382880,Error: Sender has insufficient funds  current balance is 0.052560906
GiNVjnNs2wqLAnsXZtSejxaTozUZXm2jL6MYxM5nEYy7,2.345056,Error: Sender has insufficient funds  current balance is 0.052560906
CLCk5zEGxcswEX4VBPz1VaTiqWXYnHGN5pX5WRgkHS98,12.452448,Error: Sender has insufficient funds  current balance is 0.052560906
5QcZg8wjd6MDrbDs41Et5Cia5tka3rwePCyEC6TR7C7W,0.078162,Error: Sender has insufficient funds  current balance is 0.052560906
G61n1LbLwYZVeqsiAyHCB958D1YCrkAR4JWiMiXUbRSN,2.348061,Error: Sender has insufficient funds  current balance is 0.051806602
E2KF4XPhmy2ZrNAPTz1suqGpoHVVrCSxpZMwqgPeSFaM,2.055228,Error: Sender has insufficient funds  current balance is 0.034367708
5qq4yzun692pcM4CbHer162wyDzYnAsj5y2SkiXyU82J,2.273379,Error: Sender has insufficient funds  current balance is 0.030499648
5ErxakMdYqTqm1NaQq71A4DTUTEMSxnYwf4ThL9RmY4U,1.898982,Error: Sender has insufficient funds  current balance is 0.030499648
DjebQKxvFdt2rZwmdNrPcC5C8bFSHmkHTk8dqaNE5swC,1.464357,Error: Sender has insufficient funds  current balance is 0.030423074
G1YYAjsLiT3yuqx5QAceusnhAHM9KBNnsdpxafmvPLkm,2.616590,Error: Sender has insufficient funds  current balance is 0.030423074
GLap8en2245pUSc8us8ccAjaUC8BnoT3cDrui7o72TbG,0.069555,Error: Sender has insufficient funds  current balance is 0.030423074
A26Ry8SwMNvUSZBZehvfqMnuwpmVHJhU7BZnkWfLeQE4,1.565306,Error: Sender has insufficient funds  current balance is 0.030423074
HdRgh9niYSd3YKCxzGdusYFquiVoFTP2mEGEzJJL5Nii,3.752271,Error: Sender has insufficient funds  current balance is 0.030423074
8oCdTVERM4uCZFkN5g3JfUSNBVVSGqc3wn6Kz1wz8rMV,0.078163,Error: Sender has insufficient funds  current balance is 0.030423074
jSv4R1QgKgavKPDJKyjPrW1m8zMuuyBvjdqnaQs2Nsf,0.215887,Error: Sender has insufficient funds  current balance is 0.030423074
Gh8MZftVgzW8Lv1XrDwfcYYqyXeFzwyUf4RSD64htREu,0.161693,Error: Sender has insufficient funds  current balance is 0.030423074
GfxduxT32ki84M2UNewPAVBGEuLgp9HbpkEKmijiuUVm,0.224585,Error: Sender has insufficient funds  current balance is 0.030422046
H9jxUH6E3unabcc1NzvDq1ZPdp3i2ksEoGzDo5NPMsnd,0.690946,Error: Sender has insufficient funds  current balance is 0.030422046
5rrnwryhdRsmzNHTCudWLdgXXjuwrhTeDWm4HCCka41u,0.078163,Error: Sender has insufficient funds  current balance is 0.028032916
EtUVWh9YymM1CKdMeDQeAAZoDz4sgPeyZ1cedTbAiPtc,0.340874,Error: Sender has insufficient funds  current balance is 0.028032916
5WkAxPJDSusJHSYV7ToR3f6jzDCwDBYBU4NiUisuqXjR,0.078163,Error: Sender has insufficient funds  current balance is 0.028032916
3aMJDAZTSTpPHJwdRT6dL8FrgGyAS8WbFNGXkoAknjPF,0.302050,Error: Sender has insufficient funds  current balance is 0.028032916
3bVGAJ4dhseixS7jQe4EgFXgJQUTKQA2jUNyU7Kpa1zo,0.040070,Error: Sender has insufficient funds  current balance is 0.028032916
A2V2Xj4AT22TaMzUTdxEDQZmEdJAuduXtVyxgkh5pdjA,0.038742,Error: Sender has insufficient funds  current balance is 0.028032916
3s5LmKwDScWRaFzpvzjXThiwvuY56Ms6FhABzcVGmNDu,1.436987,Error: Sender has insufficient funds  current balance is 0.028032916
GE5s4Q8YV1hiW9BWzvy6L9ykVNDvLnWRbeoc7WfbPySF,2.880183,Error: Sender has insufficient funds  current balance is 0.028032916
2ZhyaZzvQNdxvztbMRX3yS2CgNXL9BJrWR4g4toiw56P,0.178312,Error: Sender has insufficient funds  current balance is 0.011832323
CDQu5Scr3ZwzKE4SA7GnzNoTVa1UxCYAsyFaYDP2sgH9,0.224776,Error: Sender has insufficient funds  current balance is 0.011832323
J2bVHuKioEy2b8Ap8C4PCG7D2Fztq3pv9K6zBJEBNZcS,0.157440,Error: Sender has insufficient funds  current balance is 0.011832323
9wsQcvpqPp8c9q42RntWDNbqNCnmJeW4GMG2AtKAHkBu,0.033802,Error: Sender has insufficient funds  current balance is 0.011832323
GAqoC62nf2fjKNyiLNH2pGWSm4E4Q4JK1VGZeidkiCgA,0.303263,Error: Sender has insufficient funds  current balance is 0.011832323
AUW8TR54hbxJBsUVaQRGMbWdDE5Ag29yCwwRRezDFKaD,0.651399,Error: Sender has insufficient funds  current balance is 0.011832323
JC3MbCwrT86ZW1ZkLrYxEKTZkkkXqnng674yyP33ibFT,13.328442,Error: Sender has insufficient funds  current balance is 0.011073095
7feC64HZfQpniey2iXsMMgQXnfcunJus74DiKDeKaEUw,0.011146,Error: Sender has insufficient funds  current balance is 0.011073095
Dx5JeooJdLdnVmBaU4PTc5vVrNVfq4MJqU4NxFRjJwWG,0.188871,Error: Sender has insufficient funds  current balance is 0.011073095
6GkUsiGLmB4rn5xoHhGXZNHZQQ2qr4uxuZEFX5fg4D9B,0.912353,Error: Sender has insufficient funds  current balance is 0.011073095
DRvXxFnicyPHK5oi1C2XZbpcgCdKixu5PPoeF8F7WUM,0.080331,Error: Sender has insufficient funds  current balance is 0.011073095
7MbGHg3wajqVfm3dW9RY6L44L1eoH8rBqmdRdza7sEEL,2.506664,Error: Sender has insufficient funds  current balance is 0.011073095
Eury2YC7T2zqerb9MqHAf9YM4WcqSLm9TPL5dgKUvUgb,0.470790,Error: Sender has insufficient funds  current balance is 0.010688572
F6n5wR5VpTja5afAWKSFzT4eyGbKfeb9Rw3tfibs2TJe,0.015170,Error: Sender has insufficient funds  current balance is 0.010688572
DozfP4y1KUAVR3nUzAVqLDeqL28oNFfNkLaN993aGW1f,1.483690,Error: Sender has insufficient funds  current balance is 0.010688572
GtYkuH4ewJX9rrQQGiTbpyutLGQBNbdrMQFNcGyAczEc,0.304008,Error: Sender has insufficient funds  current balance is 0.010688572
8Vm6J1k2Hi54j7XmLAbLmKrzprvVrMiEn5BcCiMjUF5y,2.233374,Error: Sender has insufficient funds  current balance is 0.010688572
2KxZMSwEFoNo1PZ9hL9TssEH7DkNrRZw7KrehEXYFmuN,7.321560,Error: Sender has insufficient funds  current balance is 0.010688572
6h8iydw66Hi5Pr5iXrzoAvs8ygddasNo7KVkyF8e23qj,0.037546,Error: Sender has insufficient funds  current balance is 0.010688572
CqetVqueU2fvpdmK58Mt2CD55RqKWDQfiDopThsaQf6s,0.228526,Error: Sender has insufficient funds  current balance is 0.010688572
FmRNvtyF2DRfPZyMRmfCXd2s1C6VpWfgmu3rH8DDDuB9,0.027991,Error: Sender has insufficient funds  current balance is 0.010688572
8DUt4hCibfHYGx51R3AJiKevfay7iZCsSemU4NQo86en,3.365373,Error: Sender has insufficient funds  current balance is 0.007653143
ENn6WyxNAs8uR4H1CL2suViw1hAVfnrn7xJ3hSYMwoj9,0.153150,Error: Sender has insufficient funds  current balance is 0.007653143
GbaMXQCaigWp8UGqLKBasBcu2dy8Bwdwopb668TQG9qU,0.643309,Error: Sender has insufficient funds  current balance is 0.007653143
E3XUiD4fQwcSNNy1k53wxzX5EN4uDx7mDyJn8TnD7sho,2.282346,Error: Sender has insufficient funds  current balance is 0.007653143
BPrzQVTYco8fAtHgknAkqutXyEMS4TB4cmc25h37MRu,0.227011,Error: Sender has insufficient funds  current balance is 0.007653143
dns4MrRcE1KjypnXk1mjmG4cNCKU7Gk8r7VabeFNfMU,0.078163,Error: Sender has insufficient funds  current balance is 0.007653143
DdepZ9cubn1LqWt44RPENuAzN9BEFbhyxyYLGJi1DVnd,0.009214,Error: Sender has insufficient funds  current balance is 0.007653143
BzR7jpXwdG6zxksSNh6iA4sFxTN3pWafkoJ9ZBKgQuSg,1.227782,Error: Sender has insufficient funds  current balance is 0.007653143
556iAxAbSjJMvs5kZ7mFJAkdrtcMaQCUJ1EEfRAWjsYf,0.310456,Error: Sender has insufficient funds  current balance is 0.007653143
HzoUTMZWiMeZApYXKwC4gxqVovse26s65cW2N56fjS89,6.454025,Error: Sender has insufficient funds  current balance is 0.007653143
CP255aDzngW7TA4PAjCyNZsMesx5V1ZipRSM9e5irje7,0.354480,Error: Sender has insufficient funds  current balance is 0.007653143
5beG1bbgXYGqRVLnEaerwNp4PqySUHmPnTc2Ge2k96Yc,0.216769,Error: Sender has insufficient funds  current balance is 0.007653143
ECXZnHjiXSqNMNDkxW8sTzi1azy8EXc68bZbDokx4hGj,0.007501,Error: Sender has insufficient funds  current balance is 0.000152198
JAz2s7xQxMKEbHUYafyBp9yMVPeVKqnGr8ppKPjbByTC,0.078163,Error: Sender has insufficient funds  current balance is 0.000152198
ExxEHSXDLhuY8Cko26Xfqk8sdJ2YvYUqXEXMhb6mqMam,0.077249,Error: Sender has insufficient funds  current balance is 0.000152198
8jfdHPGBehDvzph8g88gabQ4Vuvs1v2HC1cht9UPi7Nt,0.591859,Error: Sender has insufficient funds  current balance is 0.000152198
HkUznzcpgqLf5a8MnNVpa2heCcniQd1LjR1KZPAKafCC,30.625819,Error: Sender has insufficient funds  current balance is 0.000152198
EWReMXKGYb5LP2LAsNhDWZ73kojgVpB4yoeAJGaFZEVn,0.114318,Error: Sender has insufficient funds  current balance is 0.000152198
6ejscinopJ9mo1Cst4x739RAxqoChKQc1ssv5SK5zocb,20.853083,Error: Sender has insufficient funds  current balance is 0.000152198
9shBMAn4p7ZQZu56FY7gJgpRR8sMvRkDNkr1BaKvPwUF,0.052759,Error: Sender has insufficient funds  current balance is 0.000147572
5b9p5vwma2GazY561rpJntnpPk9tQLXXnmwwdL2yzjzQ,0.000379,Error: Sender has insufficient funds  current balance is 0.000147572
7C74PGvtqpVNjiyyFnJ1xkouepuwu8MrVqjeVK3adWnS,0.075572,Error: Sender has insufficient funds  current balance is 0.000147572
4tgwNd8KPtDDaUo2nzDtuJTQgK7UG5u1aS6J8HiLTDVo,0.077364,Error: Sender has insufficient funds  current balance is 0.000147572
FFvNWMoHCVk9ytJxRLqbQ4AbQFknAiC7aTQ36nCqNTeU,0.227447,Error: Sender has insufficient funds  current balance is 0.000147572
5YKGM4WhBhV6BY2xaMfDDThNythYr3Y1CXsqDHmXVrHS,0.003355,Error: Sender has insufficient funds  current balance is 0.000147572
2tf92jaE4P1i3yygug4BN6FpE5tjP2YX5Qkxvn9HXnyX,0.007621,Error: Sender has insufficient funds  current balance is 0.000147572
Aeu6Ze897zoAGrbaaYA56tebEeYtgXGVyogkhner2wQ4,1.513268,Error: Sender has insufficient funds  current balance is 0.000147572
3yov2d5k1MHH46hdDSU9Zxbt5hMHAQiQFTwUUymyfU1K,0.007501,Error: Sender has insufficient funds  current balance is 0.000147572
93FHhHNgods1b4K3b371yU3hvFswwAw2iySNAUEdcjgn,3.948040,Error: Sender has insufficient funds  current balance is 0.000147572
CygwJ5Z1ZP6xfjN1ZGH7yw8b2oYvf6JTpenXx7A5yFdt,0.015235,Error: Sender has insufficient funds  current balance is 0.000147572
C8P5vUpbcMqi1Uiwuho7GVdGhGg7UfwdfXEC7kpAm3nA,0.083733,Error: Sender has insufficient funds  current balance is 0.000147572
8C5mYnNYBX2mSWWrXxhnSSN6Btsqbgd1Pqmg28mnrgTB,0.087481,Error: Sender has insufficient funds  current balance is 0.000147572
AGSt8UgvCsYP1BMZkrTkBL4ergLLZr5ovBZBuDZejzk2,3.751448,Error: Sender has insufficient funds  current balance is 0.000147572
4toxJFJ4W52fBEgq19Tsrj3rWTWfqz1oLxpGQ6FCpPGx,96.892635,Error: Sender has insufficient funds  current balance is 0.000147572
5rp91W1H16Vc5Y44hYJyRrPWaJqMzLewCh1NN9ZxJMAU,0.001522,Error: Sender has insufficient funds  current balance is 0.000147572
2PQ7oSHRQaYe9Hzasuroia8fCSPm36FtRmvGa7VtkRmM,12.648156,Error: Sender has insufficient funds  current balance is 0.000147572
8as7Q4GBYp8JeQQRqQrwas4QmvZcwq32R8P4LeK8yx8K,17.434504,Error: Sender has insufficient funds  current balance is 0.000147572
7yxE5GmiSPAf4wkjtLgP3fGyPs16nPJq5uyRuocnRiUB,0.271555,Error: Sender has insufficient funds  current balance is 0.000147572
5zpmMe6yGGN2TDsBp3Xazad3JjkVYSoUizSK83wx81gJ,0.000675,Error: Sender has insufficient funds  current balance is 0.000147572
8JNVVDCNP4dqrShKezYSWZ2Ua7oL34BGmRNy7DhdBnGB,1.120117,Error: Sender has insufficient funds  current balance is 0.000147572
6azsgbK95QjGuMvyPZTeEKuiSLLVkkrLgX1HositcchH,0.037925,Error: Sender has insufficient funds  current balance is 0.000147572
HdNAhR24UmXS7Ny4C7haYeK2PmduywY9Gw54gafKmNnz,0.808741,Error: Sender has insufficient funds  current balance is 0.000147572
ZYSngd9Fe77x86nSRUq7pfZiNTXk9KNqAon6155PAza,24.380285,Error: Sender has insufficient funds  current balance is 0.000147572
8FVbQhN2Je5fNp4bupUVVD9jFFhYSo8yk4bpHokAdXLb,0.018311,Error: Sender has insufficient funds  current balance is 0.000147572
ysh2B9XKTbX8DdsWM3HrzjuZ5otrFc24Y6H8naAmoYi,9.077896,Error: Sender has insufficient funds  current balance is 0.000147572
GybziQyXxt6ySTxYEWhxavVvzd9TcXDQftQGarhesQBA,0.085675,Error: Sender has insufficient funds  current balance is 0.000147572
CU2UDzD2vwiu1zSbaJfy26st2LJ2mMfRSL4uDMtSApKi,1755.364942,Error: Sender has insufficient funds  current balance is 0.000147572
Hm2ztgdnokuSeJDbAEM8KWS2b7fWWLHT3r6aoQb5C8Lu,41.725889,Error: Sender has insufficient funds  current balance is 0.000147572
4sVutMgRtBAQUwPaxY5v1bN3KaGtoVU7aVmbXCmFupj5,0.379079,Error: Sender has insufficient funds  current balance is 0.000147572
5SDH2VewncHUaJviMqJtVWPQXyN5p9n9J8DcdSy2L4BF,0.382878,Error: Sender has insufficient funds  current balance is 0.000147572
CYq4Gb6q4w4makzELLBPoaFzW7xCFsd6MKDM8Khe8eXK,0.024115,Error: Sender has insufficient funds  current balance is 0.000147572
HBg5hxt2VdudYPemDyFo4WfoRJVC7aePde9JiMTMGC8h,0.814608,Error: Sender has insufficient funds  current balance is 0.000147572
9WYNJkt328m1b6RXCxX1NRR5pKLvNDybTezFFTgcrLv7,9.440281,Error: Sender has insufficient funds  current balance is 0.000147572
9u1ByGSfp9s65EbLUSm9QmyhhgbrZ9pTTwppRoTozDvR,0.153149,Error: Sender has insufficient funds  current balance is 0.000147572
DYad3PRu6n9upWTqrhYyUtbCiQZHQweb5oWLTVG8c7RJ,0.075779,Error: Sender has insufficient funds  current balance is 0.000071722
HPZbtBk8RbkDMTknNej2uS3Bnc1XJ9D1whVg5hf156w2,0.076909,Error: Sender has insufficient funds  current balance is 0.000071722
Caqy7PYZmfkW86VBz6YnSvnVFtBKLMBu22Vn76KDafii,0.217224,Error: Sender has insufficient funds  current balance is 0.000071722
5uSChyQJZLVH8cJqNNX7DDZywW29aVKkTi8SBVrqr8FU,0.233735,Error: Sender has insufficient funds  current balance is 0.000071722
FEekqYHw5Z3aQzQbUaTP8Tv6brADvnBnMs8qnr4jXksH,38.750808,Error: Sender has insufficient funds  current balance is 0.000071722
6EK8giWphLnAcnc33MC4WFUfzykK14UXvsEcRqXrUkj,7.575178,Error: Sender has insufficient funds  current balance is 0.000071722
34Wmv58UF8HUmjdcWdCZVU9o7h8N5h2fTozqRwh9mucM,0.304325,Error: Sender has insufficient funds  current balance is 0.000071722
CnM46qezaUqaL6vF9vYnRGT6DofAMh4weL7T2TF9jCAU,0.037955,Error: Sender has insufficient funds  current balance is 0.000071722
FsiZjQ5Wnd3bfYtMZWRTAZX4hAu5n13FWoXSLp8bzk2,16.397299,Error: Sender has insufficient funds  current balance is 0.000071722
4aG19ZGbsW6UvujyTcZ2cwT6UBNdSwk1WdhCJRdmZ9Bm,0.076855,Error: Sender has insufficient funds  current balance is 0.000071722
AndexNHa8pNp5afjwMMjKNGEUCgBf7caCtGDYDe95qMa,1.060469,Error: Sender has insufficient funds  current balance is 0.000071722
76rhbhYqKZ51qUARzENgxNmHfPtXC7cMmZjJKYckfA2y,0.528927,Error: Sender has insufficient funds  current balance is 0.000071722
GWcKVNJHeUW32qry4UVegW9iMSjeqQRDggPjtYSxT6z5,0.760446,Error: Sender has insufficient funds  current balance is 0.000071722
74zF7HjPEoG5K5YQSmBToDzQ9vZrbp3orSRoi92UiH9w,0.076422,Error: Sender has insufficient funds  current balance is 0.000071722
FwJfFMgb5Ud6U4R8QHSebRj6v9ThAL8xzHVy54sbDiue,0.075851,Error: Sender has insufficient funds  current balance is 0.000071722
HzyCZNoF3QZzzFCPeYj5eR2babCnhJ1MmLkMY3bSt6Yn,0.123358,Error: Sender has insufficient funds  current balance is 0.000071722
FT2gVe7vhXpCgooTg8BnJmTKDgPQnTLhPcPyn81GzDgu,0.000761,Error: Sender has insufficient funds  current balance is 0.000071722
4dgruNQZAFnSDcUQ4mZ97DESFRiS5CWNVntzgMgmt4Bx,0.201775,Error: Sender has insufficient funds  current balance is 0.000071722
53kjdSfCFsa8Nj3v4bA4r3XBENvbmizYkywwitQ7jccK,0.000175,Error: Sender has insufficient funds  current balance is 0.000071722
D9QyhfzbU3MQXbBbCxCaAoJGp8tVUw6vzBRV3iQKghPS,871.990942,Error: Sender has insufficient funds  current balance is 0.000071722
9X64zje5m782FN1wsq2se3RY9UVs3CCVTLSRT7Byhu6u,4.286009,Error: Sender has insufficient funds  current balance is 0.000071722
AGbz8HA7mTmDpfvrNFgRMcwtieN7t34FdStSBK6EvGtL,7.719889,Error: Sender has insufficient funds  current balance is 0.000071722
5Xe36PbUgxhBXB2iN83y4HVpoyKUhJCjdSrifuAsPNaf,0.078162,Error: Sender has insufficient funds  current balance is 0.000071722
Cm5D4TunudhdJwnFSHfxffzLeT3ncYsbXsUdSqWSm3Nd,0.000758,Error: Sender has insufficient funds  current balance is 0.000071722
2HJoTuUUTrVhsNpR8e2cPSoN3W3Le67XkNvVVH4Z1yxk,0.227658,Error: Sender has insufficient funds  current balance is 0.000071722
D3Xb9W1GrDLBAEbhtEPvFx2M67rBMEzpguybzYPxYj8r,0.354058,Error: Sender has insufficient funds  current balance is 0.000071722
Axsf2brSMjzCjmjC2vAvj8dU5YBWmdcAeDdCyxoR1HfZ,0.393580,Error: Sender has insufficient funds  current balance is 0.000071722
BLKY3nZKFgqBXZBVifXU4KyFz2CUEWEV6Nd6jP3aG1Ae,0.078163,Error: Sender has insufficient funds  current balance is 0.000071722
AgZA7tGG8zfQUe5vEumYvXu7DoBugcvWSrYx6fXY5v1p,0.000760,Error: Sender has insufficient funds  current balance is 0.000071722
7ZNjt2v5yhM6g8RL7SvJwdKJnf8JbisSfc1oFsVLpeQe,1.174167,Error: Sender has insufficient funds  current balance is 0.000071722
HEEzuSKTS9Fy3CDjPEFJxBYQZmq7PoZLK7itbfSBiyXG,0.078162,Error: Sender has insufficient funds  current balance is 0.000071722
2jzzjyUT1D3FYXtKSbyhqTjpgBjUuTNYwhswSfyJyU1N,928.073341,Error: Sender has insufficient funds  current balance is 0.000071722
DWzNCVYGS9rKoeFjcTuzHYntc1UHgSG4f9VoLV8cPeRt,0.001723,Error: Sender has insufficient funds  current balance is 0.000071722
Xq6EVTy3fV2eLhrcgsvKMhmHiudZKAqFmMErVzNMW7z,1.234533,Error: Sender has insufficient funds  current balance is 0.000071722
5MtBEGNKeo3Jh7bGhiBZpHDgPR3RLoBrfheQhdYUTvNF,0.007596,Error: Sender has insufficient funds  current balance is 0.000071722
BEQ55dS3C3hVLY8ugf11YpHfeNMHBMQQCbz69BAvDtBQ,0.000038,Error: The recipient address is not funded. Add `--allow-unfunded-recipient` to complete the transfer 
EGHQSYiWANzBkTYi5DM6G9zZP1cgJfYR3E3thL3MrZTp,0.323942,Error: Sender has insufficient funds  current balance is 0.000071722
3FrrE8pRw7YANEtjLuXjdtG7ZvyxFjvMokDNACdz29ds,9.526688,Error: Sender has insufficient funds  current balance is 0.000071722
5ckSiawgb8XEVpwuTGSP4S93vFirt7y2Cy23bGtRNS3j,0.153769,Error: Sender has insufficient funds  current balance is 0.000071722
7qK7ykdPhx6MewgLF1HaG9vashGiPh3fPFA4yj51V87t,0.024528,Error: Sender has insufficient funds  current balance is 0.000071722
6z3aEyEeGRqh7Gwet55a6uztfqxpXRe13uRj2WNYZqui,4.399697,Error: Sender has insufficient funds  current balance is 0.000071722
3FrySPNVLpfXEefymu74wCwffh2uma5MwiSksNThUuG3,0.037955,Error: Sender has insufficient funds  current balance is 0.000071722
3b32zzgVvF85UeYk6PGQxjHntd9XSmfv7nzDe8vEtgxD,0.268974,Error: Sender has insufficient funds  current balance is 0.000071722
AsGToDLSbbQGtXyHXfdAY7qzZKhqJLmtSjR1KdSfYNCw,11.082035,Error: Sender has insufficient funds  current balance is 0.000071722
2sfrSTxg1z2fuKyNKdzp6HjX4kcg7rkzdNTtxwRKXRaW,7.627059,Error: Sender has insufficient funds  current balance is 0.000071722
hKQMsWVHD3mjk5bezdgdQzMzdHqEas1BwiD8HDPpQyY,0.394425,Error: Sender has insufficient funds  current balance is 0.000071722
793et8LjBGgyBvh2Ljo4T3ZEtbybHFkWkGdvYyS3SbbN,5.144415,Error: Sender has insufficient funds  current balance is 0.000071722
HMXcUxxReLMdMeGByuL71C6nk7fwTbLJyG7RS8EFKRmQ,0.290829,Error: Sender has insufficient funds  current balance is 0.000071722
3ZNJ9NsPGtBFd4MSLwrw1jnWz7rkMHUtGir5PC65jPNs,2.002558,Error: Sender has insufficient funds  current balance is 0.000071722
9c5pAe3VLTFf2UG6AMd2YvxZHuzTkAJuBMdTgFEKFmTt,0.001201,Error: Sender has insufficient funds  current balance is 0.000071722
NZFbb9rpXYTzrSWognou7wq8pb1kZeusqfEi4y38hpX,7.662706,Error: Sender has insufficient funds  current balance is 0.000071722
CLv5Tuctvepur6QURVnUWoKrpR5GzJeNq1ijvNbNCiFN,0.009102,Error: Sender has insufficient funds  current balance is 0.000071722
51Nsm4ogE3aV75h5oNBvusrz4rS4mJS68wbEDozVr6M9,0.535545,Error: Sender has insufficient funds  current balance is 0.000071722
7XQsL7heNNuvZkRPanFPdfaKnNBvi9qTZHT3ZuChbarr,0.078163,Error: Sender has insufficient funds  current balance is 0.000071722
A8B29Hqhy9bV5oT5phrwZs9AHrfi5DBFQmWmFRoibiYa,4.066322,Error: Sender has insufficient funds  current balance is 0.000071722
7YTcfjVFnjoJFY5sPER7zYVFLeamXXHfpdedoJ4dTQzj,0.037952,Error: Sender has insufficient funds  current balance is 0.000071722
2Jxr2Yw3eeGUjuFGubJmm953g2eYtbGYH8PfpZVhrCe1,1.105493,Error: Sender has insufficient funds  current balance is 0.000071722
4d9Np4E1CnC2tYTKduHdQHV7x6CERgCCpM7iMpygKpLN,3.056113,Error: Sender has insufficient funds  current balance is 0.000071722
Ffm4BrJruDJxTicXbEm1jJWp1Ge3qqEPt6URLALaddrq,0.114695,Error: Sender has insufficient funds  current balance is 0.000071722
4nmLVY14DJmbAwtGzq1E7pcapLkgMzK19vYRmSq34BBc,0.210025,Error: Sender has insufficient funds  current balance is 0.000071722
6oRHRnLX93bYeTN5YD2XHqskhbv8wN2pgSia9Kz3QkED,0.153607,Error: Sender has insufficient funds  current balance is 0.000071722
75LbuoVnyxvH3Mi53YgqfRiTAzuSuxpLv9nJuRM7ckFQ,0.037874,Error: Sender has insufficient funds  current balance is 0.000071722
DhQiNkeH2zAiZrppUpc6TNRRb386fj77uUZJuTGSh4CX,4.927933,Error: Sender has insufficient funds  current balance is 0.000071722
9Yxn9KGHn3GfdKqt8v96wXLTBpf3MEaiuDrF6CPD5oqk,0.015224,Error: Sender has insufficient funds  current balance is 0.000071722
C3s3qrGRiXbierSTfsQHmWQHSDenMkMpjszEKCcwUXj,0.047392,Error: Sender has insufficient funds  current balance is 0.000071722
Ekn1QMyR8zFdbBkzjWoh9hegB38Q5dx94ELjTCcGbJEe,0.096048,Error: Sender has insufficient funds  current balance is 0.000071722
3MHGBPbREdrFr8MnSCCnXqdvzdUzEYLqjEhs5QDVNkUE,0.002365,Error: Sender has insufficient funds  current balance is 0.000071722
9BEwju4Nxuho71zDtaw1AHu6hYxJzncYehxvksuXRPJ9,0.034182,Error: Sender has insufficient funds  current balance is 0.000071722
EJoF2v7Kph54WBqAoGH6j68DbFcYvoU2qEmJGJS3Twfr,3.140813,Error: Sender has insufficient funds  current balance is 0.000071722
9Ds6YR8vrewoDhGimWi7oqwqQX9qNXbAxrVDft84RLQA,0.078162,Error: Sender has insufficient funds  current balance is 0.000071722
8p9ABEAWw3XX73JSUC1ftC751Yo3CqQEKWRSmnZqJv1u,0.072860,Error: Sender has insufficient funds  current balance is 0.000071722
7cNmJE644diJw8osy9GX6cMKWxAqoHCitc5Ej8ya8MkX,3.930973,Error: Sender has insufficient funds  current balance is 0.000071722
APKhUqLKXYmqdpZeEep7oeWXoXPxZYv58HsFWvhbkMnE,0.011388,Error: Sender has insufficient funds  current balance is 0.000071722
FG4UHWzZPhLgQoqqcmVbTpwEyfyUSbi88bCTB9Ejo3in,0.037951,Error: Sender has insufficient funds  current balance is 0.000071722
DcmwQTvBhzpWWbf4RzmTMzPPUzkFSeNQFNJL5RQi8bgL,0.078162,Error: Sender has insufficient funds  current balance is 0.000071722
DXyJ6DQvU5rZ2AAkKmxudpHkPVQthgwPYTioX8WB6EUD,0.034323,Error: Sender has insufficient funds  current balance is 0.000071722
ADeDU7yTVDiqif79u6RKyoznVqNJfpXdDsbe4fjoV1uB,0.537018,Error: Sender has insufficient funds  current balance is 0.000071722
8jUfACLhQDxt9aiDJLjmYiGRsVpPyeZiWhWwViFf76w,0.000231,Error: Sender has insufficient funds  current balance is 0.000071379
7Gnx8gxUSRxgXSC4hEhgXAmnx5bm3FuyHDZoyGxua5Th,0.483290,Error: Sender has insufficient funds  current balance is 0.000071379
55C9VA3uUfaUXJDK4GFyMtfFj29LVzkwskBZfuRxomVu,0.007615,Error: Sender has insufficient funds  current balance is 0.000071379
34tDFj3PJUaDZVTTZP7LkfWBGbseiN6cd9986DVQpbRx,75.851267,Error: Sender has insufficient funds  current balance is 0.000071379
HNigZManj5ewhmeKeedqTG74MXy6jGU1MingxwPgLGZm,0.309346,Error: Sender has insufficient funds  current balance is 0.000071379
H6hg7V5MmRWQ5f8g1SqXqt9h1iwdYeFpwyz6Brj8MzRB,0.004528,Error: Sender has insufficient funds  current balance is 0.000071379
VzYsTmAjg4nKZnzy64ZJqPycMd2D6hueGLRTSfLeUiD,0.938123,Error: Sender has insufficient funds  current balance is 0.000071379
ASW3Z9SxFChHu76V9iJEpcWmFY2CrfuQWeqiSPm3Gs7L,1.762415,Error: Sender has insufficient funds  current balance is 0.000071379
GLgZPNxzozMjSLKKYhfVw45pTFx7EC6QXiNhNzndCebi,3.973453,Error: Sender has insufficient funds  current balance is 0.000071379
4MYx95NmgHKmJDaVFRUn8uHBhx52A7XnXzWFp57F6wp8,52.076417,Error: Sender has insufficient funds  current balance is 0.000071379
DiWLkK2fjgxQejZT2VFX51ijMXvvJ27eXVKsKK4jGv1U,9.960956,Error: Sender has insufficient funds  current balance is 0.000071379
98CEex9VZV3VeygVcW152VrJqDfYRSdPnY5wKv4cRs7u,2.274472,Error: Sender has insufficient funds  current balance is 0.000071379
6fqQrjyvm8wcy38yDTAsXwkTaYZckkKMkA5dNnxwexYQ,0.078163,Error: Sender has insufficient funds  current balance is 0.000065759
43qY33YBA2soogqEVeFkpiPj2pmCj9cUHhu5BJm4zGYv,0.169227,Error: Sender has insufficient funds  current balance is 0.000065759
FyczFRqbbBtSFTmY6VWhWzpu5xh9EF2MZcJgfiTkFEh8,178.903190,Error: Sender has insufficient funds  current balance is 0.000065759
GiYaFTCCvA4HyoSb8ZGwhSgbu6YzkBu7SvjFTypg8Aiw,1.099301,Error: Sender has insufficient funds  current balance is 0.000065759
En1uGH545aVFCumn4QP38wRZWpfiamqfMenjpHiPa4h6,8.624332,Error: Sender has insufficient funds  current balance is 0.000065759
9ZcCweVP8aTZ6HtnTM9LVqJETVXyaUsVM4vjZKLvdjj7,6.493188,Error: Sender has insufficient funds  current balance is 0.000065759
tiYjG3L31AVEn7xyViPADUJo14K87NWJovAsvuM51JB,0.128733,Error: Sender has insufficient funds  current balance is 0.000065759
HbrHMJwRSYm5jepiiLSG3TrnPUxUf3pYBBTgb5eninLT,16.643293,Error: Sender has insufficient funds  current balance is 0.000065759
2nkAFT3rjePKGSPGppPqcf7gNBx4RuwD5f5Mhqg192pb,0.694258,Error: Sender has insufficient funds  current balance is 0.000065759
4Uuay8hqDH9j9rNu9dRscDckQfXvJHCxJ1e11bjbvk1m,15.763962,Error: Sender has insufficient funds  current balance is 0.000065759
HWFkL682wztzTvtnAi1FvhcKoNjSh6pQfaHUziFtFXkv,8.321121,Error: Sender has insufficient funds  current balance is 0.000065759
71LRCXeD1GZfPBBMCjjx5FVqFTNq2DX5N6PzTgB1nbxF,0.078162,Error: Sender has insufficient funds  current balance is 0.000065759
8LCWqKL6yPeJPWBstRXdQesDLEe4yBGRzuKTPmPt3jKd,0.000619,Error: Sender has insufficient funds  current balance is 0.000065759
FWg6FWYvzmHpUzvyCUYtgXrjNPthXBiiwcqs1jukGbmC,0.578708,Error: Sender has insufficient funds  current balance is 0.000065759
FSr8XA338myhHzWKdd2SKc6iXk8yhEfnqEhfF3bjnpof,3.116289,Error: Sender has insufficient funds  current balance is 0.000065759
BEtmqPCBk1zbjoAmBthKuTmefb5pb6t7evG41mGYzfUS,1.900790,Error: Sender has insufficient funds  current balance is 0.000065759
2mkYScHr9iyw8Zx7pQrHb2NcMswdegjLPCu18A13ExnF,0.500384,Error: Sender has insufficient funds  current balance is 0.000065759
CT2V6UVwygRnimd83H9nxBgXfF9iLLAAmGpacE3ftrKe,154.816196,Error: Sender has insufficient funds  current balance is 0.000065759
7pW17u7rcPt6T94WrnipvkHxMeFh2AF2wHfrtK3pYBhv,11.940443,Error: Sender has insufficient funds  current balance is 0.000065759
K8cEVaw81DPV5js4L3p12VoSdnDA5ugKbKU8SF3ZAUz,0.166896,Error: Sender has insufficient funds  current balance is 0.000065759
DsmgHH3SKUUmyqRkDEP6FuoK2CMBNRFtfV5yCBp4ANEB,0.381641,Error: Sender has insufficient funds  current balance is 0.000065759
Ei3S5HvitmqTj2Fv3uDnvYpyjy8fcpdyvDeHKJCA7Dqt,58.491947,Error: Sender has insufficient funds  current balance is 0.000065759
5sRWm1HRK3d4NNxYV81xYaW5CqvKsGASnM4Z297RD56v,0.190340,Error: Sender has insufficient funds  current balance is 0.000065759
BpSj1mTnwVcuFJcHiU5otF4pSaQ1g1BeqCgK9ZNQFPSc,0.000077,Error: Sender has insufficient funds  current balance is 0.000065759
EyR6fXD4J4nQWPVVfamjedcPnaSWKVVP5JYZ8WdT3FRj,0.334164,Error: Sender has insufficient funds  current balance is 0.000065759
CndRwbM28WtxGdeFna6N2j1nviDFfmBmuQpTvSLYV6Lo,0.006376,Error: Sender has insufficient funds  current balance is 0.000065759
8mkmpa7GKtRG3s5a6DFte3xS4zq72ehzgwfNoJjHc3g5,1.279025,Error: Sender has insufficient funds  current balance is 0.000042915
8nGGZ7VFUGesGs3VaApdCn6YCvDKmcJG2EF8ZM9EJpCp,0.003046,Error: Sender has insufficient funds  current balance is 0.000042915
3zWbXYFAMXrR1rUumDro4ELQQZhoMAd5DumwiGbQc1ms,0.236530,Error: Sender has insufficient funds  current balance is 0.000042915
8unST8XvaMC1RjTB9sg2PjARfn4opfgKyqAd9JuoJ2m6,48.026906,Error: Sender has insufficient funds  current balance is 0.000042915
BARR1GuxUfgaYGg8r7sbBvYPcJ86CuWYgdWRFrTh5SHy,37.996411,Error: Sender has insufficient funds  current balance is 0.000042915
2hmJQRmRCWdR2SCjj2pWfQerpNSABvs5G3wt55e68vpE,38.252241,Error: Sender has insufficient funds  current balance is 0.000042915
A2HCbrh9SZMD66mzezyZcmFrcuNgWUvc7D6Jjya7dJ3Y,0.103201,Error: Sender has insufficient funds  current balance is 0.000042915
FX7DL4WUQATRtU5oEjxX5hsrqrnteeXXySqo9JZaTzN9,0.000766,Error: Sender has insufficient funds  current balance is 0.000042915
C1HUYGJRZ61tJxV1Pk1wNxmSgPJu3SBVBVPqdzjpQosZ,160.209622,Error: Sender has insufficient funds  current balance is 0.000042915
G2JpTvtM6APdmxpvkSUKLmrNqyjLbNZFri3QdJ9JrMLn,0.166399,Error: Sender has insufficient funds  current balance is 0.000042915
r1RXt6sqhvzyva54vH95kk7CwbPmVXw4ord9Y149s1P,0.164094,Error: Sender has insufficient funds  current balance is 0.000042915
6zLJZWCq1aUJGGJpwe6N4R6X72psiXsPFrD55kHAEnr1,0.228153,Error: Sender has insufficient funds  current balance is 0.000042915
8TiKfvXVLKtEZjAb9XdQXMA7mnz4Je1YKB9hYyK8gvS1,0.015185,Error: Sender has insufficient funds  current balance is 0.000042915
Cac6mczphf9QR5QpTstkMMvf5jXGuMX1Aa3R8aGRMKNd,0.000187,Error: Sender has insufficient funds  current balance is 0.000042915
97YarV85Jqh752Rcc2DW6EUVEmCPTrres64t99sEZmt4,1.077244,Error: Sender has insufficient funds  current balance is 0.000042915
EerVX3R4NRXKGr8gn8BZzFaPgouMR9MfgfCXsJpx6xwF,99.730938,Error: Sender has insufficient funds  current balance is 0.000042915
7QhNuWvBzVCosxTJrHLrR3waWAPeumYVXuj3Bf6xZhYX,4.164791,Error: Sender has insufficient funds  current balance is 0.000042915
EkGGHzgxYk4tvy4MPoXGKvAgDVB7MnSPyS4PF9HrSMgY,0.006926,Error: Sender has insufficient funds  current balance is 0.000042915
FVc1yPUmsyMz3Ty9UedLwybc4rXX4KjKxztuUNFY7bCt,0.008615,Error: Sender has insufficient funds  current balance is 0.000042915
G85V1sQfcQ2JwWVsqAuEfEzq3UEZTcZMC4dr5aXosSdo,0.258695,Error: Sender has insufficient funds  current balance is 0.000042915
4PZsvcgZEznHfok5Sd7iP8bHSun4oEMDkbd3qkXS9BA1,0.163174,Error: Sender has insufficient funds  current balance is 0.000042915
CyyRYAEcnj1uswCuxwPqF38yLaJtEDebbzcPMizB3Dpn,5.501056,Error: Sender has insufficient funds  current balance is 0.000042915
9JUf1TaSaoSj8LBAMTQ2reZEerK89KcSWLv5feGD9qCs,0.156967,Error: Sender has insufficient funds  current balance is 0.000042915
DbYy1rdts56w5GRSSFsxVuXUUT3t1A8TUrh2NYFQ37LQ,0.000365,Error: Sender has insufficient funds  current balance is 0.000042915
Fv7nv5VNokiXv54Ajmb24HmW2orA86DaY4hQ7RHbVycj,15.228776,Error: Sender has insufficient funds  current balance is 0.000042915
7gAh8r7n3aXvxSn8b51kYVhJd14UiKebaXNcC7DV6ZkV,0.037955,Error: Sender has insufficient funds  current balance is 0.000042915
4iMS1mDgv6Q1bzYAzqpJkRyKQj73AfAfvRing2VZw6pr,6.295395,Error: Sender has insufficient funds  current balance is 0.000042915
CjrFwV2WFEbSiXaUm5TRznxSK1WyXtKVSmQ3ChirKMYK,0.448226,Error: Sender has insufficient funds  current balance is 0.000042915
DzBe4acZxqPBTp28qcTUq6e6MXCriZFw74rnajwKxHCi,0.633015,Error: Sender has insufficient funds  current balance is 0.000042915
2acExHJeyu9ewqnba99yQeu5YY2eaT7TFpF1XH8XKXzH,0.011438,Error: Sender has insufficient funds  current balance is 0.000042915
8DxTpakbTJp6MC9SMyf3fTNcrPcmcbADnherhAKbSYHy,0.086351,Error: Sender has insufficient funds  current balance is 0.000042915
BdaQrKpPMUVL6roMLkvoD5HHEEq2C2eHHztZFgihxHVV,0.151559,Error: Sender has insufficient funds  current balance is 0.000042915
BhSyo26moJg4a6bgTpH2ou9M9mGEU6R5qbSBXPKzXLf3,0.129967,Error: Sender has insufficient funds  current balance is 0.000042915
6WcoUNUuevFfnT4Ps13hXFgTUwN2EYCd8ubeTKegi4Wh,2.641832,Error: Sender has insufficient funds  current balance is 0.000042915
6v6fT88LaRsvYXLqroMwCuz1iMwunHNG78veDM6XKnQs,0.000385,Error: Sender has insufficient funds  current balance is 0.000042915
JEENaS9e2AG7krZeLuwjdXp2V5pyexZFJCrbVWgddLSZ,0.106961,Error: Sender has insufficient funds  current balance is 0.000042915
9uHqZRZAq5zq1fTKczQT62UyddHwrUoh8knk1ZrDMbwd,9.799192,Error: Sender has insufficient funds  current balance is 0.000042915
74AQ3TQrppuxRagUzvQMZG1yxWHpYpKY1ZSpCW6Uzgr5,0.374008,Error: Sender has insufficient funds  current balance is 0.000042915
3ZZWMm3Dy1WBcMx1BjoYsnL4G2LeBCej9qq3FFQrZfky,0.319405,Error: Sender has insufficient funds  current balance is 0.000002994
CvyqTiRP5jNpBQLktVrnJ2ED2SpywXFccqYAXqMeTR3M,0.001750,Error: Sender has insufficient funds  current balance is 0.000002994
9QMJ5ZrnpiZxnmoxd6yijw1fKoeBAtemFyMudMW5mUXC,0.680793,Error: Sender has insufficient funds  current balance is 0.000002994
Em1mSH2M9W5tazw9crxDPX4hz5ArnKHkiuo1dUMkDqH,4.551867,Error: Sender has insufficient funds  current balance is 0.000002994
8cNC5Qk3Z6ou1SFEt2C3UD16cQndoC7NKvQzeTHfXA2Y,0.595250,Error: Sender has insufficient funds  current balance is 0.000002994
94r7BGKY4FvpZ3xz9Mt3ugu84BA4M6Vjsygxsw2d4eKz,3.324976,Error: Sender has insufficient funds  current balance is 0.000002994
8QqxfpAmLcTfVTrpmufiGgvrzaY8PW4WRf7zqDXU6GzL,0.000979,Error: Sender has insufficient funds  current balance is 0.000002994
Gh1YVVXvmDLanQ3guCrn4AgzLLWY25ezxTwmD5tg6ovr,1.586860,Error: Sender has insufficient funds  current balance is 0.000002994
ELrJopf6uBYgZ5GYRSgzRyVD4hbyJrZjFCywx4khkghg,0.078162,Error: Sender has insufficient funds  current balance is 0.000002994
EzVgf2eHv9d4TyySFiFn2s73t21rJeG1z43SUiBaFa9p,0.454125,Error: Sender has insufficient funds  current balance is 0.000002994
BviuyeJcF4y1JhDXxC4MoX2bEPBaAnMqwg4n9wptpzX3,0.009400,Error: Sender has insufficient funds  current balance is 0.000002994
FJgx7Rf6tbJFLNLKEz1zW4tURWwXZRHamSzh9XVJoghd,11.018355,Error: Sender has insufficient funds  current balance is 0.000002994
8cbnR416qGpfUxhBR4msuLH1zqcL7tZdU9E66RM6vsin,10.584716,Error: Sender has insufficient funds  current balance is 0.000002994
FjLV8aGW2uKPqu48RsRJsArHNA5qJZda489eYzxgqj9t,0.037908,Error: Sender has insufficient funds  current balance is 0.000002994
BLoeexv8C5asArtPSEdy1NfxpYdH5aFBLwQq1zkik5Mz,0.076577,Error: Sender has insufficient funds  current balance is 0.000002994
GJK2PGfFAjVJJrsZnCf5iB1hZDuZFTZ5Gf2vkGVSUdJ9,5.302381,Error: Sender has insufficient funds  current balance is 0.000002994
FDyGMkxd4h11Qwhg2MV4asWzqpN2T5m6WTsn4MGuntSf,23.009341,Error: Sender has insufficient funds  current balance is 0.000002994
2mdyD1fFVQecLrSA1TiG1AYDdNx3mbALCdptYTWGnEFa,0.000051,Error: Sender has insufficient funds  current balance is 0.000002994
Cy8BTUiea13APD1zrDezAMfTve3xBgRPGAeMHZFozWnn,0.007674,Error: Sender has insufficient funds  current balance is 0.000002994
E6knLS5sdrq8AR2bg1Ja4rxK3a9TBmNietm8aa1ZhGpS,0.003056,Error: Sender has insufficient funds  current balance is 0.000002994
GkU4uRrrbNSWM7JoiZVk8hKgvY8zEVB133shM6PGrYV4,0.273331,Error: Sender has insufficient funds  current balance is 0.000002994
Gqsi9TwnwuDJdczf4xznqcZqzjmqnA7zqMFNUS7erG4r,0.214642,Error: Sender has insufficient funds  current balance is 0.000002994
7gwGvavcxafwoPoRMRfjLhkXz1xohTRQrmQ5y3HbK8ri,0.076076,Error: Sender has insufficient funds  current balance is 0.000002994
7FTQ71WGdSYJ7QyEtgfrQbjneXMeWm7nLogyq91Tp8nU,0.078162,Error: Sender has insufficient funds  current balance is 0.000002994
HMd9MuMaRgUUt18Xn7r28mNs6ymH6hjNvX8F63EK5HTA,0.030354,Error: Sender has insufficient funds  current balance is 0.000002994
6Q4VYBaWpuV9PLFsoXmL1akc6n1iAP1Hb6uTviy6LFrE,0.007600,Error: Sender has insufficient funds  current balance is 0.000002994
3BKnum8UxSferLCHUphnnbjtV771Z6V4utHRHBTiKQmf,5.676269,Error: Sender has insufficient funds  current balance is 0.000002994
8gsRnEX8o9UTZEDNsvTFBVNHe34wN7vHfPwfZk9EaejB,0.078163,Error: Sender has insufficient funds  current balance is 0.000002994
Hfhp98uiigBpYtF6dMNx4CfRFaPHxSdHEQx3hnARLUZx,22.981632,Error: Sender has insufficient funds  current balance is 0.000002994
GVFfeEKpUUAechZnQ3pqnd64mQ8Y5b95tVkFruv5a9mf,22.519616,Error: Sender has insufficient funds  current balance is 0.000002994
44EQV7skphdkxPRkFDaS3RrecQAurq6AnWG2Ccv5UZWJ,2.276714,Error: Sender has insufficient funds  current balance is 0.000002994
3yaeNx7HSXCFqLMTZkHUSJdurCyMztJC4WBikuHTvora,0.015905,Error: Sender has insufficient funds  current balance is 0.000002994
4xNPjz9ejCHYh2oWzaemr4zY11xgY68fqviPPdrgtkQB,0.112359,Error: Sender has insufficient funds  current balance is 0.000002994
GpDvnhmGUDq2FT3BvSSgNKntbwrJfkMgaS6GsYqWfNuV,0.273045,Error: Sender has insufficient funds  current balance is 0.000002994
9hi9NfXF4Rdounxa6eQo2uWhQJLBciMLKGscAAtkM2h4,1.531622,Error: Sender has insufficient funds  current balance is 0.000002994
EcViqZeQqkxbFq7BPVZV3N51vmiVfdJB8hvnDPiutNqt,1.137002,Error: Sender has insufficient funds  current balance is 0.000002994
DV2FurJajf7E1JhgMUhubPJxgdKZdqBwwbc7CFgfzQny,10.189495,Error: Sender has insufficient funds  current balance is 0.000002994
9CNN6d22gXRGcfiR2SQ8CxVbK6DWtFZFMfLBM1uZRULT,0.001523,Error: Sender has insufficient funds  current balance is 0.000002994
6AAo9B4hziTnZoGBES3os1uwS3APk7BYeTXDRHDPSkqq,0.000058,Error: Sender has insufficient funds  current balance is 0.000002994
FvfQoY9zu7X8YQsBFu7UF4m6TawLWWXkhmrPSFD6Cruq,0.791263,Error: Sender has insufficient funds  current balance is 0.000002994
31b2gdLSGzJn9cqH2am8pWjtB42pxQNBH5G4XcFtqbKe,0.091658,Error: Sender has insufficient funds  current balance is 0.000002994
8zSdyuvCW6kSCFcYkRQPuCJ7reVfRrvvBsQeegAw9jp5,0.075815,Error: Sender has insufficient funds  current balance is 0.000002994
9VYKNb7ULTh6PsPL3N5iXqVcxXWJoatucBZNAZGK1DXq,0.000001,Error: The recipient address is not funded. Add `--allow-unfunded-recipient` to complete the transfer 
3mMQjhqgA8h24E9FX9MTUSfu1siTeV7nFiimxqduLjBp,0.107863,Error: Sender has insufficient funds  current balance is 0.000002994
8bZEFJEvym6zDTEMix9nB5TvDfdYnEiRDNZZzZXH7dUR,0.038017,Error: Sender has insufficient funds  current balance is 0.000002994
5rb8oUCxHGHq7RiiJdfKF6YuRSMs23cDf6k7veo86n6i,0.720655,Error: Sender has insufficient funds  current balance is 0.000002994
DBe44Xr5WhUkKyerUk86mEbzANFH3izdw1VagP6VKtBU,0.030312,Error: Sender has insufficient funds  current balance is 0.000002994
7dahYoECUPyjAvJheYcSwgHH5c26nT7LJPLAjJjtNgRg,0.134709,Error: Sender has insufficient funds  current balance is 0.000002994
9qGz5Mh1XNUXqY1vEg5S1ZEMzPFvBLRbp1qaXwxSFMby,38.287493,Error: Sender has insufficient funds  current balance is 0.000002994
DV3CzS1TfeiKsSU85GYS7KmefTarvndvBWoPJWtuF4pX,10.396217,Error: Sender has insufficient funds  current balance is 0.000002994
Eh9RMse3qP5T5DRFZTSGtWyPYwv1x4aKVdn8d1qtHKiB,0.953265,Error: Sender has insufficient funds  current balance is 0.000002994
AL8JFS4gjaQx89f9j8wtaNJgV76K8bw1ugvNtgvhgAnb,12.477623,Error: Sender has insufficient funds  current balance is 0.000002994
9QspufD3xNEU17EvE5RQJPV5qynHehurKVEsgurqFzfM,1.364344,Error: Sender has insufficient funds  current balance is 0.000002994
8fuqKdYnNkkpZtjZ26AXFCxdQ31CsAphubhVbSKFscTR,0.015170,Error: Sender has insufficient funds  current balance is 0.000002994
92G4SgyLTmrrJEWdzUL2tLNQAYpN3y5niUWVQgmfuiQt,21.333706,Error: Sender has insufficient funds  current balance is 0.000002994
EoBbNX4TaswqeJcafvECchhU5NVqnsBYF9MsXbs3XnWp,0.607487,Error: Sender has insufficient funds  current balance is 0.000002994
GRqdocN7vfQDzMubqaxRH5RZRzddofKce6UQu5x6YCbX,0.060687,Error: Sender has insufficient funds  current balance is 0.000002994
CDUSS4rWM1jzVKsVM7yavGRk1XhJoLLjiKWt2X6LjnJH,1.722922,Error: Sender has insufficient funds  current balance is 0.000002994
46f49V7jVS76rH9Yj6GKmuXhEk6V8ySvSkupJKts6GQB,0.265122,Error: Sender has insufficient funds  current balance is 0.000002994
FsZGfYusXuNXapbAtFfNRXHZM3pXMGw8LPofxwVy97f6,0.908826,Error: Sender has insufficient funds  current balance is 0.000002994
DhvT8DXjkBymYtyCSnvZgiL28RJLb1x29Av2jgvNVMwG,0.075992,Error: Sender has insufficient funds  current balance is 0.000002994
5p7sTwfdzMtHoj8muNuUgaPFTrAECLiqP3Fb4d8A65Wh,0.368463,Error: Sender has insufficient funds  current balance is 0.000002994
HvmihDhv6UzadVQBegyXVF5cWh3PacVVhTYA4Rpkm8eE,0.737701,Error: Sender has insufficient funds  current balance is 0.000002994
9HJuxDecTUKDWonwVEbGnGEwnSY86rSRcdQe4rNKKQry,6.368989,Error: Sender has insufficient funds  current balance is 0.000002994
4jHkPKKpC6bqYpBSNHkvNyV88n4GqjxGn3MkJbwSkycL,1.709336,Error: Sender has insufficient funds  current balance is 0.000002994
Ag1F3rYmKevu7SaEFHjKap2opXc3PuGLFPviVdD13Xgo,0.011486,Error: Sender has insufficient funds  current balance is 0.000002994
3EEbJ31Eotz73KuSDGUVmvnLeeT25EXtegjr5Rez5T3N,3.037129,Error: Sender has insufficient funds  current balance is 0.000002994
C53pmi6753JkkeGNPCEuAgdQ97qRqJmDXPsQyEbQjNWA,7.703487,Error: Sender has insufficient funds  current balance is 0.000002994
D3NNEXLyMnSWYMRMPL77yaqMBd8X5qX4g33GGnN2xVJJ,0.073458,Error: Sender has insufficient funds  current balance is 0.000002994
AuYWveXUyCk1LhMFGGS8cmv2Zfmrq79pFsqB2jmRp9V1,0.037844,Error: Sender has insufficient funds  current balance is 0.000002994
Dp9KsLhrT7ko9FqCt8R6sPJpwAovqpAPR1GzKMnz1rXA,0.068175,Error: Sender has insufficient funds  current balance is 0.000002994
89M1tRMKr8LvYBjjgtE89wDaX37o1YcmvGh2usesfe43,3.848064,Error: Sender has insufficient funds  current balance is 0.000002994
Fhhq7AtgMsWge7oBMMWkqaF4boMLJ6Utcmc2X1oEsqJQ,14.218927,Error: Sender has insufficient funds  current balance is 0.000002994
2k4uHdckbr3G9eXHN3kjVpivfnM7d84z3t2RiSVo8Z19,0.314760,Error: Sender has insufficient funds  current balance is 0.000002994
5mVjJCNqSKuGz1w5dz7cQtXuZ7FTg9TXFQV99SW788W9,23.193765,Error: Sender has insufficient funds  current balance is 0.000002994
8humoNTvxnxQj1SpwBUFtxoJXQ9LFXDepDF9m4suBAYx,0.228441,Error: Sender has insufficient funds  current balance is 0.000002994
Dzwi8WjuBURyK6rbkvUa67vZuuPfmmfpgYu2rqB594v1,8.223185,Error: Sender has insufficient funds  current balance is 0.000002994
D34jvohg4aEGNdFU5Tf8oKJQF7zCbrpkoYVYyktgymbN,0.599755,Error: Sender has insufficient funds  current balance is 0.000002994
4PiJJpJ4A4Wxt9PEzz2T6ZFe7KM1PraEp4Yhje6tPUJD,1.882089,Error: Sender has insufficient funds  current balance is 0.000002994
7PZQrvXZ2C3MWU8xEYyS2DWSnUyptZyoYJzoKiGa5MEE,0.037847,Error: Sender has insufficient funds  current balance is 0.000002994
FyhNzS1P7UGbPbeLjvcwcjx3DESNUzNFYr7twjyctaAg,0.144961,Error: Sender has insufficient funds  current balance is 0.000002994
6JUDmSqNdUf9nU6gqMcwrGuxDk9ZEvMaw62deNNUNeXk,0.188072,Error: Sender has insufficient funds  current balance is 0.000002994
saMn6WCdwfgeuKLy9CbU3wWjpZCQDYmTYrE9JStgN8D,0.053531,Error: Sender has insufficient funds  current balance is 0.000002994
CLjMZ2Kgau2BSqdW1fbgkJneABuKR1L8kFL7Abk3abnt,0.088694,Error: Sender has insufficient funds  current balance is 0.000002994
GfMW1dhnDY3hRjDtGSnwwCBTgotTpgLpLahJAY49mhPR,0.076831,Error: Sender has insufficient funds  current balance is 0.000002994
AGNi65G5YwPGJ6CffVkjFmADBzTSL8MPQYEvr4TStMVJ,1.738524,Error: Sender has insufficient funds  current balance is 0.000002994
FNG81NEAcRrRrtFtVWj3TFspWHR2CUCVUGgVi2Bcii1L,0.078163,Error: Sender has insufficient funds  current balance is 0.000002994
6n9T28ebHhynU9xMfR3KZQ8Lq2HUE6VMym53ieWjyPDw,1.515007,Error: Sender has insufficient funds  current balance is 0.000002706
B79o7Gmcsrhh9MjpTDwzAsdGsXPCrriwFNL6fXq4d8Q2,0.126016,Error: Sender has insufficient funds  current balance is 0.000002706
2UbRJMKtaiS2UkH1DWeNyzmWTjEzPtcCLjQTkx6aLti2,4.325804,Error: Sender has insufficient funds  current balance is 0.000002706
4u3gJZ4ZGbkGaXiyFJjAa1LLygoiTW95W73A9SGSLXKb,0.302745,Error: Sender has insufficient funds  current balance is 0.000002706
G9VJPJMMTwV3Qpsenpg3sMmjxsxyMiTRZNb4xGq5D6NN,0.530956,Error: Sender has insufficient funds  current balance is 0.000002706
9HcM6sdiQpBD1q8iXuV8jttuwyeoEjeaNeRiCyd7drvS,1.596370,Error: Sender has insufficient funds  current balance is 0.000002706
Hv4DvDom3nnUA6T3gDi6sKGidW7JBfrtrDU9hnadLQ17,0.022825,Error: Sender has insufficient funds  current balance is 0.000002706
82W5uUgbjP1L6VdiYQkCEPyGgSfViTw9QvfaXBfhqYQe,0.153124,Error: Sender has insufficient funds  current balance is 0.000002706
FN4VgRMGtpLf8EvymoufPScnu18fwjtBs4GNa2rnqvak,1.148507,Error: Sender has insufficient funds  current balance is 0.000002706
FiC8CP27dMHCBYTPKxb4hchsx4ACAZ75B3omLyAzCH3,3.233708,Error: Sender has insufficient funds  current balance is 0.000002706
G5ujxG9tgdbdWtjbBuMe5PKRwAcd8ixKsg9gyS85xYTJ,2.452198,Error: Sender has insufficient funds  current balance is 0.000002706
B3UvfJbL89KRbqqt9R3YVp83vdVTEAo2Ytjz1txTBqzg,0.761047,Error: Sender has insufficient funds  current balance is 0.000002706
8yJfbc9EnCLysFYKH3vPjNBCFNqVVzWYQ5Qyodh3NRv7,0.477599,Error: Sender has insufficient funds  current balance is 0.000002706
CBxgJmfuFbvkLLBuBZDe93eP8PgKAwE7MjfDvF4wbWRM,0.000186,Error: Sender has insufficient funds  current balance is 0.000002706
6scEbCQSrewuBnz2iYaDywTkDwCRJJu7Rfi7JaKSsBvJ,1.334737,Error: Sender has insufficient funds  current balance is 0.000002706
7dhaHsMnySm66z4xhgNPqgZKmji8FdkARGgPHczMV4pS,0.078162,Error: Sender has insufficient funds  current balance is 0.000002706
8zC9kauaVtuXSQQWYFUC9EC7DjCkQ95GrCm8Km7CHtVh,0.114903,Error: Sender has insufficient funds  current balance is 0.000002706
GibNK2tM7X1VQgJZi8JYhQXBa4qAXkxTNempAWD1PhYF,0.001516,Error: Sender has insufficient funds  current balance is 0.000002706
ATWRPuR85ZHhYJtGbdeTfMM4BBSdRR9pxyPNJuZLDns1,0.037955,Error: Sender has insufficient funds  current balance is 0.000002706
3mHs9zr7uUA2isxPFdmaomQRqsQTaKJ3A5pyZAq7VPLn,1.437979,Error: Sender has insufficient funds  current balance is 0.000002706
42a5qeX7wPVZ3EszuD5H4Hj9ZrPkJqsLCbCZkccY5rn7,0.002852,Error: Sender has insufficient funds  current balance is 0.000002706
24d3z1pBuFYfkwES99VsMFbk4FnEDnAjEP4sbam9QCvQ,0.078163,Error: Sender has insufficient funds  current balance is 0.000002706
AqVdFZfDHscxcY3u8QoNFkrNPidjnrLPG2B78HLy9x1N,0.689081,Error: Sender has insufficient funds  current balance is 0.000002706
